[debug] [2023-04-16T10:04:27.884Z] ----------------------------------------------------------------------
[debug] [2023-04-16T10:04:27.887Z] Command:       /opt/homebrew/Cellar/node/19.8.1/bin/node /opt/homebrew/bin/firebase init
[debug] [2023-04-16T10:04:27.887Z] CLI Version:   11.27.0
[debug] [2023-04-16T10:04:27.887Z] Platform:      darwin
[debug] [2023-04-16T10:04:27.887Z] Node Version:  v19.8.1
[debug] [2023-04-16T10:04:27.887Z] Time:          Sun Apr 16 2023 11:04:27 GMT+0100 (West Africa Standard Time)
[debug] [2023-04-16T10:04:27.887Z] ----------------------------------------------------------------------
[debug] 
[debug] [2023-04-16T10:04:27.891Z] > command requires scopes: ["email","openid","https://www.googleapis.com/auth/cloudplatformprojects.readonly","https://www.googleapis.com/auth/firebase","https://www.googleapis.com/auth/cloud-platform"]
[debug] [2023-04-16T10:04:27.891Z] > authorizing via signed-in user (makanjuolamayowa59@gmail.com)
[info] 
     ######## #### ########  ######## ########     ###     ######  ########
     ##        ##  ##     ## ##       ##     ##  ##   ##  ##       ##
     ######    ##  ########  ######   ########  #########  ######  ######
     ##        ##  ##    ##  ##       ##     ## ##     ##       ## ##
     ##       #### ##     ## ######## ########  ##     ##  ######  ########

You're about to initialize a Firebase project in this directory:

  /Users/mayowa/Documents/DEV/lovelink

[info] 
=== Project Setup
[info] 
[info] First, let's associate this project directory with a Firebase project.
[info] You can create multiple project aliases by running firebase use --add, 
[info] but for now we'll just set up a default project.
[info] 
[debug] [2023-04-16T10:04:44.550Z] > refreshing access token with scopes: []
[debug] [2023-04-16T10:04:44.553Z] >>> [apiv2][query] POST https://www.googleapis.com/oauth2/v3/token [none]
[debug] [2023-04-16T10:04:44.553Z] >>> [apiv2][body] POST https://www.googleapis.com/oauth2/v3/token [omitted]
[debug] [2023-04-16T10:04:45.262Z] <<< [apiv2][status] POST https://www.googleapis.com/oauth2/v3/token 200
[debug] [2023-04-16T10:04:45.262Z] <<< [apiv2][body] POST https://www.googleapis.com/oauth2/v3/token [omitted]
[debug] [2023-04-16T10:04:45.277Z] >>> [apiv2][query] GET https://firebase.googleapis.com/v1beta1/projects pageSize=100
[debug] [2023-04-16T10:04:46.303Z] <<< [apiv2][status] GET https://firebase.googleapis.com/v1beta1/projects 200
[debug] [2023-04-16T10:04:46.303Z] <<< [apiv2][body] GET https://firebase.googleapis.com/v1beta1/projects [omitted]
[info] i  Using project love-link-c84d6 (love-link) 
[info] 
=== Hosting Setup
[info] 
[info] Your public directory is the folder (relative to your project directory) that
[info] will contain Hosting assets to be uploaded with firebase deploy. If you
[info] have a build process for your assets, use your build's output directory.
[info] 
[info] ✔  Wrote public/404.html 
[debug] [2023-04-16T10:05:06.669Z] >>> [apiv2][query] GET https://www.gstatic.com/firebasejs/releases.json [none]
[debug] [2023-04-16T10:05:07.022Z] <<< [apiv2][status] GET https://www.gstatic.com/firebasejs/releases.json 200
[debug] [2023-04-16T10:05:07.022Z] <<< [apiv2][body] GET https://www.gstatic.com/firebasejs/releases.json {"current":{"version":"9.19.1","browserURL":"https://www.gstatic.com/firebasejs/9.19.1/firebase.js","packageURL":"https://www.gstatic.com/firebasejs/9.19.1/firebase.tgz"},"live":{"version":"9.19","browserURL":"https://www.gstatic.com/firebasejs/live/9.19/firebase.js","packageURL":"https://www.gstatic.com/firebasejs/live/9.19/firebase.tgz"},"components":{"analytics":"https://www.gstatic.com/firebasejs/9.19.1/firebase-analytics.js","app":"https://www.gstatic.com/firebasejs/9.19.1/firebase-app.js","app-check":"https://www.gstatic.com/firebasejs/9.19.1/firebase-app-check.js","auth":"https://www.gstatic.com/firebasejs/9.19.1/firebase-auth.js","auth/cordova":"https://www.gstatic.com/firebasejs/9.19.1/firebase-auth/cordova.js","auth/react-native":"https://www.gstatic.com/firebasejs/9.19.1/firebase-auth/react-native.js","functions":"https://www.gstatic.com/firebasejs/9.19.1/firebase-functions.js","firestore":"https://www.gstatic.com/firebasejs/9.19.1/firebase-firestore.js","firestore/lite":"https://www.gstatic.com/firebasejs/9.19.1/firebase-firestore/lite.js","installations":"https://www.gstatic.com/firebasejs/9.19.1/firebase-installations.js","storage":"https://www.gstatic.com/firebasejs/9.19.1/firebase-storage.js","performance":"https://www.gstatic.com/firebasejs/9.19.1/firebase-performance.js","remote-config":"https://www.gstatic.com/firebasejs/9.19.1/firebase-remote-config.js","messaging":"https://www.gstatic.com/firebasejs/9.19.1/firebase-messaging.js","messaging/sw":"https://www.gstatic.com/firebasejs/9.19.1/firebase-messaging/sw.js","database":"https://www.gstatic.com/firebasejs/9.19.1/firebase-database.js","firestore.memory":"https://www.gstatic.com/firebasejs/9.19.1/firebase-firestore.memory.js"}}
[info] i  Skipping write of public/index.html 
[info] 
[info] i  Didn't detect a .git folder. Assuming /Users/mayowa/Documents/DEV/lovelink is the project root. 
[info] i  Authorizing with GitHub to upload your service account to a GitHub repository's secrets store. 
[info] 
[info] Visit this URL on this device to log in:
[info] https://github.com/login/oauth/authorize?client_id=89cf50f02ac6aaed3484&state=369861002&redirect_uri=http%3A%2F%2Flocalhost%3A9005&scope=read%3Auser%20repo%20public_repo
[info] 
[info] Waiting for authentication...
[debug] [2023-04-16T10:05:10.047Z] >>> [apiv2][query] POST https://github.com/login/oauth/access_token [none]
[debug] [2023-04-16T10:05:10.048Z] >>> [apiv2][body] POST https://github.com/login/oauth/access_token [stream]
[debug] [2023-04-16T10:05:10.766Z] <<< [apiv2][status] POST https://github.com/login/oauth/access_token 200
[debug] [2023-04-16T10:05:10.767Z] <<< [apiv2][body] POST https://github.com/login/oauth/access_token {"access_token":"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","token_type":"bearer","scope":"read:user,repo"}
[debug] [2023-04-16T10:05:10.784Z] >>> [apiv2][query] GET https://api.github.com/user [none]
[debug] [2023-04-16T10:05:11.555Z] <<< [apiv2][status] GET https://api.github.com/user 200
[debug] [2023-04-16T10:05:11.555Z] <<< [apiv2][body] GET https://api.github.com/user {"login":"ColdDeadFingers","id":45590599,"node_id":"MDQ6VXNlcjQ1NTkwNTk5","avatar_url":"https://avatars.githubusercontent.com/u/45590599?v=4","gravatar_id":"","url":"https://api.github.com/users/ColdDeadFingers","html_url":"https://github.com/ColdDeadFingers","followers_url":"https://api.github.com/users/ColdDeadFingers/followers","following_url":"https://api.github.com/users/ColdDeadFingers/following{/other_user}","gists_url":"https://api.github.com/users/ColdDeadFingers/gists{/gist_id}","starred_url":"https://api.github.com/users/ColdDeadFingers/starred{/owner}{/repo}","subscriptions_url":"https://api.github.com/users/ColdDeadFingers/subscriptions","organizations_url":"https://api.github.com/users/ColdDeadFingers/orgs","repos_url":"https://api.github.com/users/ColdDeadFingers/repos","events_url":"https://api.github.com/users/ColdDeadFingers/events{/privacy}","received_events_url":"https://api.github.com/users/ColdDeadFingers/received_events","type":"User","site_admin":false,"name":"Mayowa Makajuola","company":null,"blog":"mayowa-mi.netlify.app","location":"Muzan's Basement","email":null,"hireable":null,"bio":null,"twitter_username":"proxima256","public_repos":31,"public_gists":0,"followers":1,"following":1,"created_at":"2018-12-04T09:10:20Z","updated_at":"2023-04-15T11:50:00Z","private_gists":0,"total_private_repos":3,"owned_private_repos":3,"disk_usage":106899,"collaborators":0,"two_factor_authentication":false,"plan":{"name":"free","space":976562499,"collaborators":0,"private_repos":10000}}
[info] 
[info] ✔  Success! Logged into GitHub as ColdDeadFingers 
[info] 
